Arguments: 
  C:\Program Files\nodejs\node.exe C:\Users\RAJ\.node\corepack\yarn\1.22.15\bin\yarn.js

PATH: 
  C:\Users\RAJ\bin;C:\Program Files\Git\mingw64\bin;C:\Program Files\Git\usr\local\bin;C:\Program Files\Git\usr\bin;C:\Program Files\Git\usr\bin;C:\Program Files\Git\mingw64\bin;C:\Program Files\Git\usr\bin;C:\Users\RAJ\bin;C:\WINDOWS\system32;C:\WINDOWS;C:\WINDOWS\System32\Wbem;C:\WINDOWS\System32\WindowsPowerShell\v1.0;C:\Program Files\Git\cmd;C:\ProgramData\chocolatey\bin;C:\WINDOWS\System32\OpenSSH;C:\Program Files\nodejs;C:\Users\RAJ\AppData\Local\Microsoft\WindowsApps;C:\Users\RAJ\AppData\Local\Programs\Microsoft VS Code\bin;C:\Hugo\bin;C:\Users\RAJ\AppData\Roaming\npm;C:\Program Files\Git\usr\bin\vendor_perl;C:\Program Files\Git\usr\bin\core_perl

Yarn version: 
  1.22.15

Node version: 
  14.15.4

Platform: 
  win32 x64

Trace: 
  Error: https://registry.yarnpkg.com/fs-extra/-/fs-extra-0.30.0.tgz: ENOENT: no such file or directory, open 'C:\Users\RAJ\AppData\Local\Yarn\Cache\v6\npm-fs-extra-0.30.0-f233ffcc08d4da7d432daa449776989db1df93f0-integrity\node_modules\fs-extra\.yarn-tarball.tgz'

npm manifest: 
  {
    "name": "themefisher-boilerplate",
    "version": "2.2.3",
    "description": "Gulp environment for creating HTML themes for themefisher",
    "keywords": [
      "gulp",
      "frontend"
    ],
    "author": "Themefisher",
    "license": "MIT",
    "dependencies": {
      "anypoint-cli": "^3.8.0",
      "browser-sync": "^2.27.5",
      "chokidar": "^3.5.2",
      "debug": "^4.3.2",
      "gulp": "^4.0.2",
      "gulp-autoprefixer": "^8.0.0",
      "gulp-file-include": "^2.3.0",
      "gulp-gm": "0.0.9",
      "gulp-header-comment": "^0.9.0",
      "gulp-jshint": "^2.1.0",
      "gulp-json-validator": "^1.2.0",
      "gulp-notify": "^4.0.0",
      "gulp-plumber": "^1.2.1",
      "gulp-rimraf": "^1.0.0",
      "gulp-sass": "^5.0.0",
      "gulp-sourcemaps": "^3.0.0",
      "gulp-util": "^3.0.8",
      "har-validator": "^5.1.5",
      "jshint": "^2.13.0",
      "jshint-stylish": "^2.2.1",
      "resolve-url": "^0.2.1",
      "urix": "^0.1.0",
      "sass": "^1.37.5"
    }
  }

yarn manifest: 
  No manifest

Lockfile: 
  No lockfile
